<?xml version="1.0" encoding="UTF-8"?>
<testng-results ignored="0" total="16" passed="14" failed="2" skipped="0">
  <reporter-output>
  </reporter-output>
  <suite started-at="2021-11-18T17:42:27 IST" name="Suite" finished-at="2021-11-18T17:43:25 IST" duration-ms="58640">
    <groups>
      <group name="cucumber">
        <method signature="AbstractTestNGCucumberTests.runScenario(io.cucumber.testng.PickleWrapper,io.cucumber.testng.FeatureWrapper)[pri:0, instance:TestRunner.MyTestRunner@1e04fa0a]" name="runScenario" class="io.cucumber.testng.AbstractTestNGCucumberTests"/>
      </group> <!-- cucumber -->
    </groups>
    <test started-at="2021-11-18T17:42:27 IST" name="Test" finished-at="2021-11-18T17:43:25 IST" duration-ms="58640">
      <class name="TestRunner.MyTestRunner">
        <test-method is-config="true" signature="setUpClass()[pri:0, instance:TestRunner.MyTestRunner@1e04fa0a]" started-at="2021-11-18T17:42:27 IST" name="setUpClass" finished-at="2021-11-18T17:42:27 IST" duration-ms="304" status="PASS">
          <reporter-output>
          </reporter-output>
        </test-method> <!-- setUpClass -->
        <test-method signature="runScenario(io.cucumber.testng.PickleWrapper,io.cucumber.testng.FeatureWrapper)[pri:0, instance:TestRunner.MyTestRunner@1e04fa0a]" started-at="2021-11-18T17:42:27 IST" name="runScenario" description="Runs Cucumber Scenarios" data-provider="scenarios" finished-at="2021-11-18T17:43:05 IST" duration-ms="37651" status="PASS">
          <params>
            <param index="0">
              <value>
                <![CDATA["Gmail SignUp-Possible Combinations"]]>
              </value>
            </param>
            <param index="1">
              <value>
                <![CDATA["Optional[TC01_GmailSignUp]"]]>
              </value>
            </param>
          </params>
          <reporter-output>
          </reporter-output>
        </test-method> <!-- runScenario -->
        <test-method signature="runScenario(io.cucumber.testng.PickleWrapper,io.cucumber.testng.FeatureWrapper)[pri:0, instance:TestRunner.MyTestRunner@1e04fa0a]" started-at="2021-11-18T17:42:27 IST" name="runScenario" description="Runs Cucumber Scenarios" data-provider="scenarios" finished-at="2021-11-18T17:43:19 IST" duration-ms="51778" status="PASS">
          <params>
            <param index="0">
              <value>
                <![CDATA["To get star rating of product"]]>
              </value>
            </param>
            <param index="1">
              <value>
                <![CDATA["Optional[TC06_Flipkart]"]]>
              </value>
            </param>
          </params>
          <reporter-output>
          </reporter-output>
        </test-method> <!-- runScenario -->
        <test-method signature="runScenario(io.cucumber.testng.PickleWrapper,io.cucumber.testng.FeatureWrapper)[pri:0, instance:TestRunner.MyTestRunner@1e04fa0a]" started-at="2021-11-18T17:42:27 IST" name="runScenario" description="Runs Cucumber Scenarios" data-provider="scenarios" finished-at="2021-11-18T17:43:19 IST" duration-ms="51716" status="PASS">
          <params>
            <param index="0">
              <value>
                <![CDATA["Verify the List Of Categories"]]>
              </value>
            </param>
            <param index="1">
              <value>
                <![CDATA["Optional[TC03_VerifySnapdealCategories]"]]>
              </value>
            </param>
          </params>
          <reporter-output>
          </reporter-output>
        </test-method> <!-- runScenario -->
        <test-method signature="runScenario(io.cucumber.testng.PickleWrapper,io.cucumber.testng.FeatureWrapper)[pri:0, instance:TestRunner.MyTestRunner@1e04fa0a]" started-at="2021-11-18T17:42:27 IST" name="runScenario" description="Runs Cucumber Scenarios" data-provider="scenarios" finished-at="2021-11-18T17:43:14 IST" duration-ms="47270" status="PASS">
          <params>
            <param index="0">
              <value>
                <![CDATA["Image Uploading"]]>
              </value>
            </param>
            <param index="1">
              <value>
                <![CDATA["Optional[TC02_PostImage]"]]>
              </value>
            </param>
          </params>
          <reporter-output>
          </reporter-output>
        </test-method> <!-- runScenario -->
        <test-method signature="runScenario(io.cucumber.testng.PickleWrapper,io.cucumber.testng.FeatureWrapper)[pri:0, instance:TestRunner.MyTestRunner@1e04fa0a]" started-at="2021-11-18T17:42:27 IST" name="runScenario" description="Runs Cucumber Scenarios" data-provider="scenarios" finished-at="2021-11-18T17:43:17 IST" duration-ms="50342" status="PASS">
          <params>
            <param index="0">
              <value>
                <![CDATA["Gmail SignUp-Possible Combinations"]]>
              </value>
            </param>
            <param index="1">
              <value>
                <![CDATA["Optional[TC01_GmailSignUp]"]]>
              </value>
            </param>
          </params>
          <reporter-output>
          </reporter-output>
        </test-method> <!-- runScenario -->
        <test-method signature="runScenario(io.cucumber.testng.PickleWrapper,io.cucumber.testng.FeatureWrapper)[pri:0, instance:TestRunner.MyTestRunner@1e04fa0a]" started-at="2021-11-18T17:42:27 IST" name="runScenario" description="Runs Cucumber Scenarios" data-provider="scenarios" finished-at="2021-11-18T17:43:04 IST" duration-ms="36932" status="FAIL">
          <params>
            <param index="0">
              <value>
                <![CDATA["Get text from iframe"]]>
              </value>
            </param>
            <param index="1">
              <value>
                <![CDATA["Optional[TC04_Iframe]"]]>
              </value>
            </param>
          </params>
          <exception class="org.openqa.selenium.TimeoutException">
            <message>
              <![CDATA[timeout: Timed out receiving message from renderer: 27.225
  (Session info: chrome=96.0.4664.45)
Build info: version: '3.14.0', revision: 'aacccce0', time: '2018-08-02T20:19:58.91Z'
System info: host: 'SOMNATH-PC', ip: '192.168.0.103', os.name: 'Windows 10', os.arch: 'amd64', os.version: '10.0', java.version: '11.0.2'
Driver info: org.openqa.selenium.chrome.ChromeDriver
Capabilities {acceptInsecureCerts: false, browserName: chrome, browserVersion: 96.0.4664.45, chrome: {chromedriverVersion: 96.0.4664.35 (8df3babf8da8f..., userDataDir: C:\Users\SOMNAT~1.GAI\AppDa...}, goog:chromeOptions: {debuggerAddress: localhost:64880}, javascriptEnabled: true, networkConnectionEnabled: false, pageLoadStrategy: normal, platform: WINDOWS, platformName: WINDOWS, proxy: Proxy(), setWindowRect: true, strictFileInteractability: false, timeouts: {implicit: 0, pageLoad: 300000, script: 30000}, unhandledPromptBehavior: dismiss and notify, webauthn:extension:credBlob: true, webauthn:extension:largeBlob: true, webauthn:virtualAuthenticators: true}
Session ID: a648cf50526145f8657c3c1f4b07cbe2]]>
            </message>
            <full-stacktrace>
              <![CDATA[org.openqa.selenium.TimeoutException: timeout: Timed out receiving message from renderer: 27.225
  (Session info: chrome=96.0.4664.45)
Build info: version: '3.14.0', revision: 'aacccce0', time: '2018-08-02T20:19:58.91Z'
System info: host: 'SOMNATH-PC', ip: '192.168.0.103', os.name: 'Windows 10', os.arch: 'amd64', os.version: '10.0', java.version: '11.0.2'
Driver info: org.openqa.selenium.chrome.ChromeDriver
Capabilities {acceptInsecureCerts: false, browserName: chrome, browserVersion: 96.0.4664.45, chrome: {chromedriverVersion: 96.0.4664.35 (8df3babf8da8f..., userDataDir: C:\Users\SOMNAT~1.GAI\AppDa...}, goog:chromeOptions: {debuggerAddress: localhost:64880}, javascriptEnabled: true, networkConnectionEnabled: false, pageLoadStrategy: normal, platform: WINDOWS, platformName: WINDOWS, proxy: Proxy(), setWindowRect: true, strictFileInteractability: false, timeouts: {implicit: 0, pageLoad: 300000, script: 30000}, unhandledPromptBehavior: dismiss and notify, webauthn:extension:credBlob: true, webauthn:extension:largeBlob: true, webauthn:virtualAuthenticators: true}
Session ID: a648cf50526145f8657c3c1f4b07cbe2
at java.base/jdk.internal.reflect.NativeConstructorAccessorImpl.newInstance0(Native Method)
at java.base/jdk.internal.reflect.NativeConstructorAccessorImpl.newInstance(NativeConstructorAccessorImpl.java:62)
at java.base/jdk.internal.reflect.DelegatingConstructorAccessorImpl.newInstance(DelegatingConstructorAccessorImpl.java:45)
at java.base/java.lang.reflect.Constructor.newInstance(Constructor.java:490)
at org.openqa.selenium.remote.http.W3CHttpResponseCodec.createException(W3CHttpResponseCodec.java:187)
at org.openqa.selenium.remote.http.W3CHttpResponseCodec.decode(W3CHttpResponseCodec.java:122)
at org.openqa.selenium.remote.http.W3CHttpResponseCodec.decode(W3CHttpResponseCodec.java:49)
at org.openqa.selenium.remote.HttpCommandExecutor.execute(HttpCommandExecutor.java:158)
at org.openqa.selenium.remote.service.DriverCommandExecutor.execute(DriverCommandExecutor.java:83)
at org.openqa.selenium.remote.RemoteWebDriver.execute(RemoteWebDriver.java:548)
at org.openqa.selenium.remote.RemoteWebDriver.get(RemoteWebDriver.java:276)
at StepDefinitions.TC04_Iframe_Steps.user_is_redirect_on_given_url_as(TC04_Iframe_Steps.java:28)
at ✽.User is redirect on given URL as "https://www.w3schools.com/js/tryit.asp?filename=tryjs_myfirst"(file:///C:/Users/Somnath.Gaikwad/eclipse-workspace/CucumberTask/src/test/resource/FeatureFiles/TC04_Iframe.feature:5)
]]>
            </full-stacktrace>
          </exception> <!-- org.openqa.selenium.TimeoutException -->
          <reporter-output>
          </reporter-output>
        </test-method> <!-- runScenario -->
        <test-method signature="runScenario(io.cucumber.testng.PickleWrapper,io.cucumber.testng.FeatureWrapper)[pri:0, instance:TestRunner.MyTestRunner@1e04fa0a]" started-at="2021-11-18T17:42:27 IST" name="runScenario" description="Runs Cucumber Scenarios" data-provider="scenarios" finished-at="2021-11-18T17:43:20 IST" duration-ms="52778" status="PASS">
          <params>
            <param index="0">
              <value>
                <![CDATA["To get star rating of first product"]]>
              </value>
            </param>
            <param index="1">
              <value>
                <![CDATA["Optional[TC07_Amazon]"]]>
              </value>
            </param>
          </params>
          <reporter-output>
          </reporter-output>
        </test-method> <!-- runScenario -->
        <test-method signature="runScenario(io.cucumber.testng.PickleWrapper,io.cucumber.testng.FeatureWrapper)[pri:0, instance:TestRunner.MyTestRunner@1e04fa0a]" started-at="2021-11-18T17:42:27 IST" name="runScenario" description="Runs Cucumber Scenarios" data-provider="scenarios" finished-at="2021-11-18T17:42:47 IST" duration-ms="20207" status="PASS">
          <params>
            <param index="0">
              <value>
                <![CDATA["Gmail SignUp-Possible Combinations"]]>
              </value>
            </param>
            <param index="1">
              <value>
                <![CDATA["Optional[TC01_GmailSignUp]"]]>
              </value>
            </param>
          </params>
          <reporter-output>
          </reporter-output>
        </test-method> <!-- runScenario -->
        <test-method signature="runScenario(io.cucumber.testng.PickleWrapper,io.cucumber.testng.FeatureWrapper)[pri:0, instance:TestRunner.MyTestRunner@1e04fa0a]" started-at="2021-11-18T17:42:27 IST" name="runScenario" description="Runs Cucumber Scenarios" data-provider="scenarios" finished-at="2021-11-18T17:43:13 IST" duration-ms="46215" status="PASS">
          <params>
            <param index="0">
              <value>
                <![CDATA["Gmail SignUp-Possible Combinations"]]>
              </value>
            </param>
            <param index="1">
              <value>
                <![CDATA["Optional[TC01_GmailSignUp]"]]>
              </value>
            </param>
          </params>
          <reporter-output>
          </reporter-output>
        </test-method> <!-- runScenario -->
        <test-method signature="runScenario(io.cucumber.testng.PickleWrapper,io.cucumber.testng.FeatureWrapper)[pri:0, instance:TestRunner.MyTestRunner@1e04fa0a]" started-at="2021-11-18T17:42:27 IST" name="runScenario" description="Runs Cucumber Scenarios" data-provider="scenarios" finished-at="2021-11-18T17:43:19 IST" duration-ms="51810" status="PASS">
          <params>
            <param index="0">
              <value>
                <![CDATA["Verify Prouct falls between given range"]]>
              </value>
            </param>
            <param index="1">
              <value>
                <![CDATA["Optional[TC05_VerifySnapdealProduct]"]]>
              </value>
            </param>
          </params>
          <reporter-output>
          </reporter-output>
        </test-method> <!-- runScenario -->
        <test-method signature="runScenario(io.cucumber.testng.PickleWrapper,io.cucumber.testng.FeatureWrapper)[pri:0, instance:TestRunner.MyTestRunner@1e04fa0a]" started-at="2021-11-18T17:42:47 IST" name="runScenario" description="Runs Cucumber Scenarios" data-provider="scenarios" finished-at="2021-11-18T17:43:07 IST" duration-ms="19698" status="PASS">
          <params>
            <param index="0">
              <value>
                <![CDATA["Open result link in new tab"]]>
              </value>
            </param>
            <param index="1">
              <value>
                <![CDATA["Optional[TC08_OpenNewTab]"]]>
              </value>
            </param>
          </params>
          <reporter-output>
          </reporter-output>
        </test-method> <!-- runScenario -->
        <test-method signature="runScenario(io.cucumber.testng.PickleWrapper,io.cucumber.testng.FeatureWrapper)[pri:0, instance:TestRunner.MyTestRunner@1e04fa0a]" started-at="2021-11-18T17:43:04 IST" name="runScenario" description="Runs Cucumber Scenarios" data-provider="scenarios" finished-at="2021-11-18T17:43:19 IST" duration-ms="15162" status="PASS">
          <params>
            <param index="0">
              <value>
                <![CDATA["Open result link in new window"]]>
              </value>
            </param>
            <param index="1">
              <value>
                <![CDATA["Optional[TC09_OpenNewWindow]"]]>
              </value>
            </param>
          </params>
          <reporter-output>
          </reporter-output>
        </test-method> <!-- runScenario -->
        <test-method signature="runScenario(io.cucumber.testng.PickleWrapper,io.cucumber.testng.FeatureWrapper)[pri:0, instance:TestRunner.MyTestRunner@1e04fa0a]" started-at="2021-11-18T17:43:05 IST" name="runScenario" description="Runs Cucumber Scenarios" data-provider="scenarios" finished-at="2021-11-18T17:43:05 IST" duration-ms="792" status="PASS">
          <params>
            <param index="0">
              <value>
                <![CDATA["Read and Write ExcellFile"]]>
              </value>
            </param>
            <param index="1">
              <value>
                <![CDATA["Optional[TC10_ExcellFile]"]]>
              </value>
            </param>
          </params>
          <reporter-output>
          </reporter-output>
        </test-method> <!-- runScenario -->
        <test-method signature="runScenario(io.cucumber.testng.PickleWrapper,io.cucumber.testng.FeatureWrapper)[pri:0, instance:TestRunner.MyTestRunner@1e04fa0a]" started-at="2021-11-18T17:43:05 IST" name="runScenario" description="Runs Cucumber Scenarios" data-provider="scenarios" finished-at="2021-11-18T17:43:19 IST" duration-ms="13256" status="PASS">
          <params>
            <param index="0">
              <value>
                <![CDATA["To get URL and Browser Value from ExcellSheet"]]>
              </value>
            </param>
            <param index="1">
              <value>
                <![CDATA["Optional[TC11_ExcellSheet]"]]>
              </value>
            </param>
          </params>
          <reporter-output>
          </reporter-output>
        </test-method> <!-- runScenario -->
        <test-method signature="runScenario(io.cucumber.testng.PickleWrapper,io.cucumber.testng.FeatureWrapper)[pri:0, instance:TestRunner.MyTestRunner@1e04fa0a]" started-at="2021-11-18T17:43:07 IST" name="runScenario" description="Runs Cucumber Scenarios" data-provider="scenarios" finished-at="2021-11-18T17:43:25 IST" duration-ms="18210" status="PASS">
          <params>
            <param index="0">
              <value>
                <![CDATA["booking of most cheapest flight"]]>
              </value>
            </param>
            <param index="1">
              <value>
                <![CDATA["Optional[TC12_Goibibo]"]]>
              </value>
            </param>
          </params>
          <reporter-output>
          </reporter-output>
        </test-method> <!-- runScenario -->
        <test-method signature="runScenario(io.cucumber.testng.PickleWrapper,io.cucumber.testng.FeatureWrapper)[pri:0, instance:TestRunner.MyTestRunner@1e04fa0a]" started-at="2021-11-18T17:43:13 IST" name="runScenario" description="Runs Cucumber Scenarios" data-provider="scenarios" finished-at="2021-11-18T17:43:20 IST" duration-ms="6985" status="FAIL">
          <params>
            <param index="0">
              <value>
                <![CDATA["Verify Title of Result Page"]]>
              </value>
            </param>
            <param index="1">
              <value>
                <![CDATA["Optional[TC13_GoogleSearch]"]]>
              </value>
            </param>
          </params>
          <exception class="java.lang.AssertionError">
            <message>
              <![CDATA[expected [Title Of Page] but found [cucumber - Google Search]]]>
            </message>
            <full-stacktrace>
              <![CDATA[java.lang.AssertionError: expected [Title Of Page] but found [cucumber - Google Search]
at org.testng.Assert.fail(Assert.java:99)
at org.testng.Assert.failNotEquals(Assert.java:1037)
at org.testng.Assert.assertEqualsImpl(Assert.java:140)
at org.testng.Assert.assertEquals(Assert.java:122)
at org.testng.Assert.assertEquals(Assert.java:629)
at org.testng.Assert.assertEquals(Assert.java:639)
at StepDefinitions.TC13_GoogleSearch_Steps.he_should_be_verify_title_of_result_page(TC13_GoogleSearch_Steps.java:45)
at ✽.He should be verify title of result page(file:///C:/Users/Somnath.Gaikwad/eclipse-workspace/CucumberTask/src/test/resource/FeatureFiles/TC13_GoogleSearch.feature:7)
]]>
            </full-stacktrace>
          </exception> <!-- java.lang.AssertionError -->
          <reporter-output>
          </reporter-output>
        </test-method> <!-- runScenario -->
        <test-method is-config="true" signature="tearDownClass()[pri:0, instance:TestRunner.MyTestRunner@1e04fa0a]" started-at="2021-11-18T17:43:25 IST" name="tearDownClass" finished-at="2021-11-18T17:43:25 IST" duration-ms="156" status="PASS">
          <reporter-output>
          </reporter-output>
        </test-method> <!-- tearDownClass -->
        <test-method is-config="true" signature="generateReport()[pri:0, instance:TestRunner.MyTestRunner@1e04fa0a]" started-at="2021-11-18T17:43:25 IST" name="generateReport" finished-at="2021-11-18T17:43:28 IST" duration-ms="2889" status="PASS">
          <reporter-output>
          </reporter-output>
        </test-method> <!-- generateReport -->
      </class> <!-- TestRunner.MyTestRunner -->
    </test> <!-- Test -->
  </suite> <!-- Suite -->
</testng-results>
