<?xml version="1.0" encoding="UTF-8"?>
<testsuite xmlns:xsi="http://www.w3.org/2001/XMLSchema-instance" xsi:noNamespaceSchemaLocation="https://maven.apache.org/surefire/maven-surefire-plugin/xsd/surefire-test-report-3.0.xsd" version="3.0" name="TestSuite" time="62.117" tests="16" errors="0" skipped="0" failures="2">
  <properties>
[...]
</properties>
  <testcase name="runScenario[&quot;Gmail SignUp-Possible Combinations&quot;, &quot;Optional[TC01_GmailSignUp]&quot;](1)" classname="TestRunner.MyTestRunner" time="20.234">
    <system-out><![CDATA[Title of given page is Matched
Outcome is :Enter first name
]]></system-out>
    <system-err><![CDATA[Starting ChromeDriver 96.0.4664.35 (8df3babf8da8faa8aacb78f4848ef66a93b4944b-refs/branch-heads/4664@{#680}) on port 47137
Only local connections are allowed.
Please see https://chromedriver.chromium.org/security-considerations for suggestions on keeping ChromeDriver safe.
Starting ChromeDriver 96.0.4664.35 (8df3babf8da8faa8aacb78f4848ef66a93b49C4h4rbom-eDrriefvse/rb wraasn cshta-rhteeadd ss/u4c6c6e4s@s{f#u6l8l0y}.)
 on port 24594
Only local connections are allowed.
Please see https://chromedriver.chromium.org/security-considerations for suggestions on keeping ChromeDriver safe.
Starting ChromeDriver 96.0.4664.35 (8df3babf8da8faa8aacb78f4848ef66a93b4944b-refs/branch-heads/4664@{#680}) on port 19827
Only local connections are allowed.
Please see https://chromedriver.chromium.org/security-considerations for suggestions on keeping ChromeDriver safe.
ChromeDriver was started successfully.
Starting ChromeDriver 96.0.4664.35 (8df3babf8da8faa8aacb78f4848ef66a93b4944b-refs/branch-heads/4664@{#680})S toan rptionrgt  C3h5r8o4m0eDr
iOvnelry  l9o6c.a0.4664.3l5 c o(n8ndefc3tbiaobnfs8 dare allowed.
Plae8afsaea 8saeaec bh7tt8pfs4:8/4/8cehfr6o6mae9d3rbi4v9e44rb.-crherfosm/iubmr.aonrcgh/-shecurity-ecaodns/4s6i6de4r@{a#t6i8o0ns})  foonr  spourgtg e1st0i32o0ns
 oOnnl kye elopcianlg  cChornnomeectiDronivse ra rse aafel.lo
wed.
Please see https://chromedriver.chromium.org/security-considerations for suggestions on keeping ChromeDriver safe.
Starting ChromeDriver 96.0.4664.35 (8df3babf8da8faa8aacb78f4848ef66a93b4944b-refs/branch-heads/4664@{#680}) on port 11406
Only local connections are allowed.
Please see https://chromedriver.chromium.org/security-considerations for suggestions on keeping ChromeDriver safe.
Starting ChromeDriver 96.0.4664.35 (8df3babf8da8faa8aacb78f4848ef66a93b4944b-refs/branch-heads/4664@{#680}) on port 34491
Only local connections are allowed.
Please see https://chromedriver.chromium.org/security-considerations for suggestions on keeping ChromeDriver safe.
ChromeDriver was started successfully.
ChromeDriver was started successfully.
CChhrroommeeDrDirvievre rw awsa sst asrttaerdt esdu cscuecscsefsuslfluyll.y.

ChromeDriver was started successfully.
Starting ChromeDriver 96.0.4664.35 (8df3babf8da8faa8aacb78f4848ef66a93b4944b-refs/branch-heads/4664@{#680}) on port 42841
Only local Sctoannretcitnigo nCsh raormee aDlrilvoweerd 9.
Ple6as.e0 .s4e6e6 4https://chromedriver.chromium.org/security.-3co5n s(i8ddefr3abtaibfo8ndas8 ffaoar8 sauagcgbe7s8tfi4o8n4s8 eofn6 6kae9e3pbi4n9g 4C4bh-rroemfesD/rbriavenrc hs-haefaed.s/
4664@{#680}) on port 9581
Only local connections are allowed.
Please see https://chromedriver.chromium.org/security-considerations for suggestions on keeping ChromeDriver safe.
Starting ChromeDriver 96.0.4664.35 (8df3babf8da8faa8aacb78f4848ef66a93b4944b-refs/branch-heads/4664C@h{#r6o80m}e)D roinv epro rwta s269 4s5ta
rOtnedl y suclcoecasls fcuollnyn.ect
ions are allowed.
Please see https://chromedriver.chromium.org/security-considerations for suggestions on keeping ChromeDriver safe.
ChromeDriver was started successfully.
ChromeDriver was started successfully.
Nov 18, 2021 5:42:30 PM org.openqa.selenium.remote.ProtocolHandshake createSession
INFO: Detected dialect: W3C
Nov 18, 2021 5:42:31 PM org.openqa.selenium.remote.ProtocolHandshake createSession
INFO: Detected dialect: W3C
Nov 18, 2021 5:42:32 PM org.openqa.selenium.remote.ProtocolHandshake createSession
INFO: Detected dialect: W3C
Nov 18, 2021 5:42:32 PM org.openqa.selenium.remote.ProtocolHandshake createSession
INFO: Detected dialect: W3C
Nov 18, 2021 5:42:33 PM org.openqa.selenium.remote.ProtocolHandshake createSession
INFO: Detected dialect: W3C
Nov 18, 2021 5:42:33 PM org.openqa.selenium.remote.ProtocolHandshake createSession
INFO: Detected dialect: W3C
Nov 18, 2021 5:42:33 PM org.openqa.selenium.remote.ProtocolHandshake createSession
INFO: Detected dialect: W3C
Nov 18, 2021 5:42:33 PM org.openqa.selenium.remote.ProtocolHandshake createSession
INFO: Detected dialect: W3C
Nov 18, 2021 5:42:33 PM org.openqa.selenium.remote.ProtocolHandshake createSession
INFO: Detected dialect: W3C
Nov 18, 2021 5:42:33 PM org.openqa.selenium.remote.ProtocolHandshake createSession
INFO: Detected dialect: W3C
]]></system-err>
  </testcase>
  <testcase name="runScenario[&quot;Get text from iframe&quot;, &quot;Optional[TC04_Iframe]&quot;](2)" classname="TestRunner.MyTestRunner" time="16.728">
    <failure message="timeout: Timed out receiving message from renderer: 27.225&#10;  (Session info: chrome=96.0.4664.45)&#10;Build info: version: &apos;3.14.0&apos;, revision: &apos;aacccce0&apos;, time: &apos;2018-08-02T20:19:58.91Z&apos;&#10;System info: host: &apos;SOMNATH-PC&apos;, ip: &apos;192.168.0.103&apos;, os.name: &apos;Windows 10&apos;, os.arch: &apos;amd64&apos;, os.version: &apos;10.0&apos;, java.version: &apos;11.0.2&apos;&#10;Driver info: org.openqa.selenium.chrome.ChromeDriver&#10;Capabilities {acceptInsecureCerts: false, browserName: chrome, browserVersion: 96.0.4664.45, chrome: {chromedriverVersion: 96.0.4664.35 (8df3babf8da8f..., userDataDir: C:\Users\SOMNAT~1.GAI\AppDa...}, goog:chromeOptions: {debuggerAddress: localhost:64880}, javascriptEnabled: true, networkConnectionEnabled: false, pageLoadStrategy: normal, platform: WINDOWS, platformName: WINDOWS, proxy: Proxy(), setWindowRect: true, strictFileInteractability: false, timeouts: {implicit: 0, pageLoad: 300000, script: 30000}, unhandledPromptBehavior: dismiss and notify, webauthn:extension:credBlob: true, webauthn:extension:largeBlob: true, webauthn:virtualAuthenticators: true}&#10;Session ID: a648cf50526145f8657c3c1f4b07cbe2" type="org.openqa.selenium.TimeoutException"><![CDATA[org.openqa.selenium.TimeoutException: 
timeout: Timed out receiving message from renderer: 27.225
  (Session info: chrome=96.0.4664.45)
Build info: version: '3.14.0', revision: 'aacccce0', time: '2018-08-02T20:19:58.91Z'
System info: host: 'SOMNATH-PC', ip: '192.168.0.103', os.name: 'Windows 10', os.arch: 'amd64', os.version: '10.0', java.version: '11.0.2'
Driver info: org.openqa.selenium.chrome.ChromeDriver
Capabilities {acceptInsecureCerts: false, browserName: chrome, browserVersion: 96.0.4664.45, chrome: {chromedriverVersion: 96.0.4664.35 (8df3babf8da8f..., userDataDir: C:\Users\SOMNAT~1.GAI\AppDa...}, goog:chromeOptions: {debuggerAddress: localhost:64880}, javascriptEnabled: true, networkConnectionEnabled: false, pageLoadStrategy: normal, platform: WINDOWS, platformName: WINDOWS, proxy: Proxy(), setWindowRect: true, strictFileInteractability: false, timeouts: {implicit: 0, pageLoad: 300000, script: 30000}, unhandledPromptBehavior: dismiss and notify, webauthn:extension:credBlob: true, webauthn:extension:largeBlob: true, webauthn:virtualAuthenticators: true}
Session ID: a648cf50526145f8657c3c1f4b07cbe2
]]></failure>
    <system-out><![CDATA[product name is:Mi 4A 100 cm (40 inch) Full HD LED Smart Android TV
Image displayed.
star rating is:4.4
Total rating is:6,46,028 Ratings 
Outcome is :Choose a Gmail address
Outcome is :Enter a password
Outcome is :Enter last name
5★      4★      3★      2★      1★      
                              
4,03,114      1,59,442      41,667      11,801      30,004      
]]></system-out>
    <system-err><![CDATA[Starting ChromeDriver 96.0.4664.35 (8df3babf8da8faa8aacb78f4848ef66a93b4944b-refs/branch-heads/4664@{#680}) on port 10739
Only local connections are allowed.
Please see https://chromedriver.chromium.org/security-considerations for suggestions on keeping ChromeDriver safe.
ChromeDriver was started successfully.
Nov 18, 2021 5:42:52 PM org.openqa.selenium.remote.ProtocolHandshake createSession
INFO: Detected dialect: W3C
[1637237584.412][SEVERE]: Timed out receiving message from renderer: 27.225
[1637237584.417][SEVERE]: Timed out receiving message from renderer: 27.225
Nov 18, 2021 5:43:04 PM org.openqa.selenium.remote.ErrorCodes toStatus
INFO: HTTP Status: '500' -> incorrect JSON status mapping for 'timeout' (408 expected)
]]></system-err>
  </testcase>
  <testcase name="runScenario[&quot;Gmail SignUp-Possible Combinations&quot;, &quot;Optional[TC01_GmailSignUp]&quot;](3)" classname="TestRunner.MyTestRunner" time="0.683">
    <system-err><![CDATA[Starting ChromeDriver 96.0.4664.35 (8df3babf8da8faa8aacb78f4848ef66a93b4944b-refs/branch-heads/4664@{#680}) on port 48629
Only local connections are allowed.
Please see https://chromedriver.chromium.org/security-considerations for suggestions on keeping ChromeDriver safe.
ChromeDriver was started successfully.
]]></system-err>
  </testcase>
  <testcase name="runScenario[&quot;Read and Write ExcellFile&quot;, &quot;Optional[TC10_ExcellFile]&quot;](4)" classname="TestRunner.MyTestRunner" time="0.792">
    <system-out><![CDATA[Name is:Somnath Gaikwad
EmailId is:somnath123@gmail.com
MobileNo is:1234567890
]]></system-out>
  </testcase>
  <testcase name="runScenario[&quot;Open result link in new tab&quot;, &quot;Optional[TC08_OpenNewTab]&quot;](5)" classname="TestRunner.MyTestRunner" time="1.472">
    <system-out><![CDATA[list of categories are change
]]></system-out>
    <system-err><![CDATA[Starting ChromeDriver 96.0.4664.35 (8df3babf8da8faa8aacb78f4848ef66a93b4944b-refs/branch-heads/4664@{#680}) on port 28267
Only local connections are allowed.
Please see https://chromedriver.chromium.org/security-considerations for suggestions on keeping ChromeDriver safe.
ChromeDriver was started successfully.
Nov 18, 2021 5:43:06 PM org.openqa.selenium.remote.ProtocolHandshake createSession
INFO: Detected dialect: W3C
]]></system-err>
  </testcase>
  <testcase name="runScenario[&quot;Gmail SignUp-Possible Combinations&quot;, &quot;Optional[TC01_GmailSignUp]&quot;](6)" classname="TestRunner.MyTestRunner" time="6.302">
    <system-err><![CDATA[Nov 18, 2021 5:43:07 PM org.openqa.selenium.remote.ProtocolHandshake createSession
INFO: Detected dialect: W3C
Starting ChromeDriver 96.0.4664.35 (8df3babf8da8faa8aacb78f4848ef66a93b4944b-refs/branch-heads/4664@{#680}) on port 11832
Only local connections are allowed.
Please see https://chromedriver.chromium.org/security-considerations for suggestions on keeping ChromeDriver safe.
ChromeDriver was started successfully.
Nov 18, 2021 5:43:09 PM org.openqa.selenium.remote.ProtocolHandshake createSession
INFO: Detected dialect: W3C
]]></system-err>
  </testcase>
  <testcase name="runScenario[&quot;Image Uploading&quot;, &quot;Optional[TC02_PostImage]&quot;](7)" classname="TestRunner.MyTestRunner" time="1.054">
    <system-err><![CDATA[Starting ChromeDriver 96.0.4664.35 (8df3babf8da8faa8aacb78f4848ef66a93b4944b-refs/branch-heads/4664@{#680}) on port 19654
Only local connections are allowed.
Please see https://chromedriver.chromium.org/security-considerations for suggestions on keeping ChromeDriver safe.
]]></system-err>
  </testcase>
  <testcase name="runScenario[&quot;Gmail SignUp-Possible Combinations&quot;, &quot;Optional[TC01_GmailSignUp]&quot;](8)" classname="TestRunner.MyTestRunner" time="4.122">
    <system-out><![CDATA[product is fall between range
]]></system-out>
    <system-err><![CDATA[ChromeDriver was started successfully.
Nov 18, 2021 5:43:16 PM org.openqa.selenium.remote.ProtocolHandshake createSession
INFO: Detected dialect: W3C
]]></system-err>
  </testcase>
  <testcase name="runScenario[&quot;To get URL and Browser Value from ExcellSheet&quot;, &quot;Optional[TC11_ExcellSheet]&quot;](9)" classname="TestRunner.MyTestRunner" time="5.483">
    <system-out><![CDATA[5 star  38% 
4 star  0% 
3 star  17% 
2 star  26% 
1 star ]]></system-out>
  </testcase>
  <testcase name="runScenario[&quot;Verify the List Of Categories&quot;, &quot;Optional[TC03_VerifySnapdealCategories]&quot;](10)" classname="TestRunner.MyTestRunner" time="5.496"/>
  <testcase name="runScenario[&quot;To get star rating of product&quot;, &quot;Optional[TC06_Flipkart]&quot;](11)" classname="TestRunner.MyTestRunner" time="5.56">
    <system-out><![CDATA[ 19% 
]]></system-out>
  </testcase>
  <testcase name="runScenario[&quot;Verify Prouct falls between given range&quot;, &quot;Optional[TC05_VerifySnapdealProduct]&quot;](12)" classname="TestRunner.MyTestRunner" time="5.594"/>
  <testcase name="runScenario[&quot;Open result link in new window&quot;, &quot;Optional[TC09_OpenNewWindow]&quot;](13)" classname="TestRunner.MyTestRunner" time="5.895"/>
  <testcase name="runScenario[&quot;To get star rating of first product&quot;, &quot;Optional[TC07_Amazon]&quot;](14)" classname="TestRunner.MyTestRunner" time="6.558"/>
  <testcase name="runScenario[&quot;Verify Title of Result Page&quot;, &quot;Optional[TC13_GoogleSearch]&quot;](15)" classname="TestRunner.MyTestRunner" time="6.984">
    <failure message="expected [Title Of Page] but found [cucumber - Google Search]" type="java.lang.AssertionError"><![CDATA[java.lang.AssertionError: expected [Title Of Page] but found [cucumber - Google Search]
]]></failure>
  </testcase>
  <testcase name="runScenario[&quot;booking of most cheapest flight&quot;, &quot;Optional[TC12_Goibibo]&quot;](16)" classname="TestRunner.MyTestRunner" time="11.907"/>
</testsuite>